<?xml version="1.0" encoding="UTF-8"?>
<!-- Generated by org.testng.reporters.JUnitXMLReporter -->
<testsuite ignored="0" hostname="DESKTOP-A9LPROO" failures="0" tests="5" name="Surefire test" time="30.425" errors="0" timestamp="2024-08-15T11:34:50 CST">
  <testcase classname="tests.Tests" name="TC_Smoke_01_WRG_PASSWORD" time="0.565"/>
  <testcase classname="tests.Tests" name="TC_Smoke_02_RIGHT_PASSWORD" time="3.619"/>
  <testcase classname="tests.Tests" name="TC_Smoke_03_Dropdown_Validation" time="0.869"/>
  <testcase classname="tests.Tests" name="TC_Smoke_04_Get_InputElements" time="0.017"/>
  <testcase classname="tests.Tests" name="TC_Smoke_05_Get_loginByElements" time="0.529"/>
</testsuite> <!-- Surefire test -->
