<?xml version="1.0" encoding="UTF-8"?>
<!-- Generated by org.testng.reporters.JUnitXMLReporter -->
<testsuite ignored="0" hostname="DESKTOP-A9LPROO" failures="0" tests="6" name="Surefire test" time="12.831" errors="0" timestamp="2024-08-15T15:15:28 CST">
  <testcase classname="tests.Tests" name="TC_Smoke_01_WRG_PASSWORD" time="0.349"/>
  <testcase classname="tests.Tests" name="TC_Smoke_02_RIGHT_PASSWORD" time="0.452"/>
  <testcase classname="tests.Tests" name="TC_Smoke_03_Dropdown_Validation" time="0.819"/>
  <testcase classname="tests.Tests" name="TC_Smoke_04_Get_InputElements" time="0.021"/>
  <testcase classname="tests.Tests" name="TC_Smoke_05_Get_loginByElements" time="0.409"/>
  <testcase classname="tests.Tests" name="TC_Smoke_06_Verify_WebTitle" time="0.035"/>
</testsuite> <!-- Surefire test -->
