<?xml version="1.0" encoding="UTF-8"?>
<!-- Generated by org.testng.reporters.JUnitXMLReporter -->
<testsuite ignored="5" hostname="DESKTOP-A9LPROO" failures="0" tests="1" name="Default test" time="9.863" errors="0" timestamp="2024-08-16T11:47:05 CST">
  <testcase classname="tests.Tests" name="TC_Smoke_02_RIGHT_PASSWORD" time="7.301"/>
  <testcase classname="tests.Tests" name="TC_Smoke_05_Get_loginByElements" time="0.0">
    <ignored/>
  </testcase> <!-- TC_Smoke_05_Get_loginByElements -->
  <testcase classname="tests.Tests" name="TC_Smoke_01_WRG_PASSWORD" time="0.0">
    <ignored/>
  </testcase> <!-- TC_Smoke_01_WRG_PASSWORD -->
  <testcase classname="tests.Tests" name="TC_Smoke_04_Get_InputElements" time="0.0">
    <ignored/>
  </testcase> <!-- TC_Smoke_04_Get_InputElements -->
  <testcase classname="tests.Tests" name="TC_Smoke_03_Dropdown_Validation" time="0.0">
    <ignored/>
  </testcase> <!-- TC_Smoke_03_Dropdown_Validation -->
  <testcase classname="tests.Tests" name="TC_Smoke_06_Verify_WebTitle" time="0.0">
    <ignored/>
  </testcase> <!-- TC_Smoke_06_Verify_WebTitle -->
</testsuite> <!-- Default test -->
