<?xml version="1.0" encoding="UTF-8"?>
<testng-results ignored="0" total="6" passed="6" failed="0" skipped="0">
  <reporter-output>
  </reporter-output>
  <suite started-at="2024-08-15T15:02:03 CST" name="Surefire suite" finished-at="2024-08-15T15:02:44 CST" duration-ms="40377">
    <groups>
    </groups>
    <test started-at="2024-08-15T15:02:03 CST" name="Surefire test" finished-at="2024-08-15T15:02:44 CST" duration-ms="40377">
      <class name="tests.Tests">
        <test-method is-config="true" signature="setUp()[pri:0, instance:tests.Tests@2ddc8ecb]" started-at="2024-08-15T15:02:03 CST" name="setUp" finished-at="2024-08-15T15:02:06 CST" duration-ms="2280" status="PASS">
          <reporter-output>
          </reporter-output>
        </test-method> <!-- setUp -->
        <test-method signature="TC_Smoke_01_WRG_PASSWORD()[pri:0, instance:tests.Tests@2ddc8ecb]" started-at="2024-08-15T15:02:06 CST" name="TC_Smoke_01_WRG_PASSWORD" finished-at="2024-08-15T15:02:06 CST" duration-ms="483" status="PASS">
          <reporter-output>
          </reporter-output>
        </test-method> <!-- TC_Smoke_01_WRG_PASSWORD -->
        <test-method is-config="true" signature="tearDown(org.testng.ITestResult)[pri:0, instance:tests.Tests@2ddc8ecb]" started-at="2024-08-15T15:02:06 CST" name="tearDown" finished-at="2024-08-15T15:02:06 CST" duration-ms="164" status="PASS">
          <params>
            <param index="0">
              <value>
                <![CDATA[[TestResult name=TC_Smoke_01_WRG_PASSWORD status=SUCCESS method=Tests.TC_Smoke_01_WRG_PASSWORD()[pri:0, instance:tests.Tests@2ddc8ecb] output={null}]]]>
              </value>
            </param>
          </params>
          <reporter-output>
          </reporter-output>
        </test-method> <!-- tearDown -->
        <test-method is-config="true" signature="setUp()[pri:0, instance:tests.Tests@2ddc8ecb]" started-at="2024-08-15T15:02:06 CST" name="setUp" finished-at="2024-08-15T15:02:16 CST" duration-ms="9466" status="PASS">
          <reporter-output>
          </reporter-output>
        </test-method> <!-- setUp -->
        <test-method signature="TC_Smoke_02_RIGHT_PASSWORD()[pri:0, instance:tests.Tests@2ddc8ecb]" started-at="2024-08-15T15:02:16 CST" name="TC_Smoke_02_RIGHT_PASSWORD" finished-at="2024-08-15T15:02:16 CST" duration-ms="490" status="PASS">
          <reporter-output>
          </reporter-output>
        </test-method> <!-- TC_Smoke_02_RIGHT_PASSWORD -->
        <test-method is-config="true" signature="tearDown(org.testng.ITestResult)[pri:0, instance:tests.Tests@2ddc8ecb]" started-at="2024-08-15T15:02:16 CST" name="tearDown" finished-at="2024-08-15T15:02:17 CST" duration-ms="200" status="PASS">
          <params>
            <param index="0">
              <value>
                <![CDATA[[TestResult name=TC_Smoke_02_RIGHT_PASSWORD status=SUCCESS method=Tests.TC_Smoke_02_RIGHT_PASSWORD()[pri:0, instance:tests.Tests@2ddc8ecb] output={null}]]]>
              </value>
            </param>
          </params>
          <reporter-output>
          </reporter-output>
        </test-method> <!-- tearDown -->
        <test-method is-config="true" signature="setUp()[pri:0, instance:tests.Tests@2ddc8ecb]" started-at="2024-08-15T15:02:17 CST" name="setUp" finished-at="2024-08-15T15:02:18 CST" duration-ms="1538" status="PASS">
          <reporter-output>
          </reporter-output>
        </test-method> <!-- setUp -->
        <test-method signature="TC_Smoke_03_Dropdown_Validation()[pri:0, instance:tests.Tests@2ddc8ecb]" started-at="2024-08-15T15:02:18 CST" name="TC_Smoke_03_Dropdown_Validation" finished-at="2024-08-15T15:02:19 CST" duration-ms="947" status="PASS">
          <reporter-output>
          </reporter-output>
        </test-method> <!-- TC_Smoke_03_Dropdown_Validation -->
        <test-method is-config="true" signature="tearDown(org.testng.ITestResult)[pri:0, instance:tests.Tests@2ddc8ecb]" started-at="2024-08-15T15:02:19 CST" name="tearDown" finished-at="2024-08-15T15:02:19 CST" duration-ms="186" status="PASS">
          <params>
            <param index="0">
              <value>
                <![CDATA[[TestResult name=TC_Smoke_03_Dropdown_Validation status=SUCCESS method=Tests.TC_Smoke_03_Dropdown_Validation()[pri:0, instance:tests.Tests@2ddc8ecb] output={null}]]]>
              </value>
            </param>
          </params>
          <reporter-output>
          </reporter-output>
        </test-method> <!-- tearDown -->
        <test-method is-config="true" signature="setUp()[pri:0, instance:tests.Tests@2ddc8ecb]" started-at="2024-08-15T15:02:19 CST" name="setUp" finished-at="2024-08-15T15:02:28 CST" duration-ms="8695" status="PASS">
          <reporter-output>
          </reporter-output>
        </test-method> <!-- setUp -->
        <test-method signature="TC_Smoke_04_Get_InputElements()[pri:0, instance:tests.Tests@2ddc8ecb]" started-at="2024-08-15T15:02:28 CST" name="TC_Smoke_04_Get_InputElements" finished-at="2024-08-15T15:02:28 CST" duration-ms="18" status="PASS">
          <reporter-output>
          </reporter-output>
        </test-method> <!-- TC_Smoke_04_Get_InputElements -->
        <test-method is-config="true" signature="tearDown(org.testng.ITestResult)[pri:0, instance:tests.Tests@2ddc8ecb]" started-at="2024-08-15T15:02:28 CST" name="tearDown" finished-at="2024-08-15T15:02:28 CST" duration-ms="158" status="PASS">
          <params>
            <param index="0">
              <value>
                <![CDATA[[TestResult name=TC_Smoke_04_Get_InputElements status=SUCCESS method=Tests.TC_Smoke_04_Get_InputElements()[pri:0, instance:tests.Tests@2ddc8ecb] output={null}]]]>
              </value>
            </param>
          </params>
          <reporter-output>
          </reporter-output>
        </test-method> <!-- tearDown -->
        <test-method is-config="true" signature="setUp()[pri:0, instance:tests.Tests@2ddc8ecb]" started-at="2024-08-15T15:02:28 CST" name="setUp" finished-at="2024-08-15T15:02:30 CST" duration-ms="1510" status="PASS">
          <reporter-output>
          </reporter-output>
        </test-method> <!-- setUp -->
        <test-method signature="TC_Smoke_05_Get_loginByElements()[pri:0, instance:tests.Tests@2ddc8ecb]" started-at="2024-08-15T15:02:30 CST" name="TC_Smoke_05_Get_loginByElements" finished-at="2024-08-15T15:02:30 CST" duration-ms="500" status="PASS">
          <reporter-output>
          </reporter-output>
        </test-method> <!-- TC_Smoke_05_Get_loginByElements -->
        <test-method is-config="true" signature="tearDown(org.testng.ITestResult)[pri:0, instance:tests.Tests@2ddc8ecb]" started-at="2024-08-15T15:02:30 CST" name="tearDown" finished-at="2024-08-15T15:02:30 CST" duration-ms="180" status="PASS">
          <params>
            <param index="0">
              <value>
                <![CDATA[[TestResult name=TC_Smoke_05_Get_loginByElements status=SUCCESS method=Tests.TC_Smoke_05_Get_loginByElements()[pri:0, instance:tests.Tests@2ddc8ecb] output={null}]]]>
              </value>
            </param>
          </params>
          <reporter-output>
          </reporter-output>
        </test-method> <!-- tearDown -->
        <test-method is-config="true" signature="setUp()[pri:0, instance:tests.Tests@2ddc8ecb]" started-at="2024-08-15T15:02:30 CST" name="setUp" finished-at="2024-08-15T15:02:39 CST" duration-ms="8753" status="PASS">
          <reporter-output>
          </reporter-output>
        </test-method> <!-- setUp -->
        <test-method signature="TC_Smoke_06_Verify_WebTitle()[pri:0, instance:tests.Tests@2ddc8ecb]" started-at="2024-08-15T15:02:39 CST" name="TC_Smoke_06_Verify_WebTitle" finished-at="2024-08-15T15:02:42 CST" duration-ms="3054" status="PASS">
          <reporter-output>
          </reporter-output>
        </test-method> <!-- TC_Smoke_06_Verify_WebTitle -->
        <test-method is-config="true" signature="tearDown(org.testng.ITestResult)[pri:0, instance:tests.Tests@2ddc8ecb]" started-at="2024-08-15T15:02:42 CST" name="tearDown" finished-at="2024-08-15T15:02:44 CST" duration-ms="1685" status="PASS">
          <params>
            <param index="0">
              <value>
                <![CDATA[[TestResult name=TC_Smoke_06_Verify_WebTitle status=SUCCESS method=Tests.TC_Smoke_06_Verify_WebTitle()[pri:0, instance:tests.Tests@2ddc8ecb] output={null}]]]>
              </value>
            </param>
          </params>
          <reporter-output>
          </reporter-output>
        </test-method> <!-- tearDown -->
      </class> <!-- tests.Tests -->
    </test> <!-- Surefire test -->
  </suite> <!-- Surefire suite -->
</testng-results>
