<?xml version="1.0" encoding="UTF-8"?>
<testng-results ignored="0" total="5" passed="5" failed="0" skipped="0">
  <reporter-output>
  </reporter-output>
  <suite started-at="2024-08-15T11:34:20 CST" name="Surefire suite" finished-at="2024-08-15T11:34:50 CST" duration-ms="30425">
    <groups>
    </groups>
    <test started-at="2024-08-15T11:34:20 CST" name="Surefire test" finished-at="2024-08-15T11:34:50 CST" duration-ms="30425">
      <class name="tests.Tests">
        <test-method is-config="true" signature="setUp()[pri:0, instance:tests.Tests@6973bf95]" started-at="2024-08-15T11:34:20 CST" name="setUp" finished-at="2024-08-15T11:34:22 CST" duration-ms="2136" status="PASS">
          <reporter-output>
          </reporter-output>
        </test-method> <!-- setUp -->
        <test-method signature="TC_Smoke_01_WRG_PASSWORD()[pri:0, instance:tests.Tests@6973bf95]" started-at="2024-08-15T11:34:22 CST" name="TC_Smoke_01_WRG_PASSWORD" finished-at="2024-08-15T11:34:23 CST" duration-ms="565" status="PASS">
          <reporter-output>
          </reporter-output>
        </test-method> <!-- TC_Smoke_01_WRG_PASSWORD -->
        <test-method is-config="true" signature="tearDown(org.testng.ITestResult)[pri:0, instance:tests.Tests@6973bf95]" started-at="2024-08-15T11:34:23 CST" name="tearDown" finished-at="2024-08-15T11:34:23 CST" duration-ms="320" status="PASS">
          <params>
            <param index="0">
              <value>
                <![CDATA[[TestResult name=TC_Smoke_01_WRG_PASSWORD status=SUCCESS method=Tests.TC_Smoke_01_WRG_PASSWORD()[pri:0, instance:tests.Tests@6973bf95] output={null}]]]>
              </value>
            </param>
          </params>
          <reporter-output>
          </reporter-output>
        </test-method> <!-- tearDown -->
        <test-method is-config="true" signature="setUp()[pri:0, instance:tests.Tests@6973bf95]" started-at="2024-08-15T11:34:23 CST" name="setUp" finished-at="2024-08-15T11:34:32 CST" duration-ms="8876" status="PASS">
          <reporter-output>
          </reporter-output>
        </test-method> <!-- setUp -->
        <test-method signature="TC_Smoke_02_RIGHT_PASSWORD()[pri:0, instance:tests.Tests@6973bf95]" started-at="2024-08-15T11:34:32 CST" name="TC_Smoke_02_RIGHT_PASSWORD" finished-at="2024-08-15T11:34:35 CST" duration-ms="3619" status="PASS">
          <reporter-output>
          </reporter-output>
        </test-method> <!-- TC_Smoke_02_RIGHT_PASSWORD -->
        <test-method is-config="true" signature="tearDown(org.testng.ITestResult)[pri:0, instance:tests.Tests@6973bf95]" started-at="2024-08-15T11:34:35 CST" name="tearDown" finished-at="2024-08-15T11:34:36 CST" duration-ms="486" status="PASS">
          <params>
            <param index="0">
              <value>
                <![CDATA[[TestResult name=TC_Smoke_02_RIGHT_PASSWORD status=SUCCESS method=Tests.TC_Smoke_02_RIGHT_PASSWORD()[pri:0, instance:tests.Tests@6973bf95] output={null}]]]>
              </value>
            </param>
          </params>
          <reporter-output>
          </reporter-output>
        </test-method> <!-- tearDown -->
        <test-method is-config="true" signature="setUp()[pri:0, instance:tests.Tests@6973bf95]" started-at="2024-08-15T11:34:36 CST" name="setUp" finished-at="2024-08-15T11:34:37 CST" duration-ms="1523" status="PASS">
          <reporter-output>
          </reporter-output>
        </test-method> <!-- setUp -->
        <test-method signature="TC_Smoke_03_Dropdown_Validation()[pri:0, instance:tests.Tests@6973bf95]" started-at="2024-08-15T11:34:37 CST" name="TC_Smoke_03_Dropdown_Validation" finished-at="2024-08-15T11:34:38 CST" duration-ms="869" status="PASS">
          <reporter-output>
          </reporter-output>
        </test-method> <!-- TC_Smoke_03_Dropdown_Validation -->
        <test-method is-config="true" signature="tearDown(org.testng.ITestResult)[pri:0, instance:tests.Tests@6973bf95]" started-at="2024-08-15T11:34:38 CST" name="tearDown" finished-at="2024-08-15T11:34:39 CST" duration-ms="378" status="PASS">
          <params>
            <param index="0">
              <value>
                <![CDATA[[TestResult name=TC_Smoke_03_Dropdown_Validation status=SUCCESS method=Tests.TC_Smoke_03_Dropdown_Validation()[pri:0, instance:tests.Tests@6973bf95] output={null}]]]>
              </value>
            </param>
          </params>
          <reporter-output>
          </reporter-output>
        </test-method> <!-- tearDown -->
        <test-method is-config="true" signature="setUp()[pri:0, instance:tests.Tests@6973bf95]" started-at="2024-08-15T11:34:39 CST" name="setUp" finished-at="2024-08-15T11:34:47 CST" duration-ms="8540" status="PASS">
          <reporter-output>
          </reporter-output>
        </test-method> <!-- setUp -->
        <test-method signature="TC_Smoke_04_Get_InputElements()[pri:0, instance:tests.Tests@6973bf95]" started-at="2024-08-15T11:34:47 CST" name="TC_Smoke_04_Get_InputElements" finished-at="2024-08-15T11:34:47 CST" duration-ms="17" status="PASS">
          <reporter-output>
          </reporter-output>
        </test-method> <!-- TC_Smoke_04_Get_InputElements -->
        <test-method is-config="true" signature="tearDown(org.testng.ITestResult)[pri:0, instance:tests.Tests@6973bf95]" started-at="2024-08-15T11:34:47 CST" name="tearDown" finished-at="2024-08-15T11:34:48 CST" duration-ms="382" status="PASS">
          <params>
            <param index="0">
              <value>
                <![CDATA[[TestResult name=TC_Smoke_04_Get_InputElements status=SUCCESS method=Tests.TC_Smoke_04_Get_InputElements()[pri:0, instance:tests.Tests@6973bf95] output={null}]]]>
              </value>
            </param>
          </params>
          <reporter-output>
          </reporter-output>
        </test-method> <!-- tearDown -->
        <test-method is-config="true" signature="setUp()[pri:0, instance:tests.Tests@6973bf95]" started-at="2024-08-15T11:34:48 CST" name="setUp" finished-at="2024-08-15T11:34:49 CST" duration-ms="1568" status="PASS">
          <reporter-output>
          </reporter-output>
        </test-method> <!-- setUp -->
        <test-method signature="TC_Smoke_05_Get_loginByElements()[pri:0, instance:tests.Tests@6973bf95]" started-at="2024-08-15T11:34:49 CST" name="TC_Smoke_05_Get_loginByElements" finished-at="2024-08-15T11:34:50 CST" duration-ms="529" status="PASS">
          <reporter-output>
          </reporter-output>
        </test-method> <!-- TC_Smoke_05_Get_loginByElements -->
        <test-method is-config="true" signature="tearDown(org.testng.ITestResult)[pri:0, instance:tests.Tests@6973bf95]" started-at="2024-08-15T11:34:50 CST" name="tearDown" finished-at="2024-08-15T11:34:50 CST" duration-ms="563" status="PASS">
          <params>
            <param index="0">
              <value>
                <![CDATA[[TestResult name=TC_Smoke_05_Get_loginByElements status=SUCCESS method=Tests.TC_Smoke_05_Get_loginByElements()[pri:0, instance:tests.Tests@6973bf95] output={null}]]]>
              </value>
            </param>
          </params>
          <reporter-output>
          </reporter-output>
        </test-method> <!-- tearDown -->
      </class> <!-- tests.Tests -->
    </test> <!-- Surefire test -->
  </suite> <!-- Surefire suite -->
</testng-results>
