<?xml version="1.0" encoding="UTF-8"?>
<testng-results ignored="0" total="7" passed="6" failed="1" skipped="0">
  <reporter-output>
  </reporter-output>
  <suite started-at="2024-08-16T12:58:02 CST" name="Surefire suite" finished-at="2024-08-16T12:58:30 CST" duration-ms="28246">
    <groups>
    </groups>
    <test started-at="2024-08-16T12:58:02 CST" name="Surefire test" finished-at="2024-08-16T12:58:30 CST" duration-ms="28246">
      <class name="tests.TS01_LoginTest">
        <test-method is-config="true" signature="setUp()[pri:0, instance:tests.TS01_LoginTest@15b204a1]" started-at="2024-08-16T12:58:02 CST" name="setUp" finished-at="2024-08-16T12:58:04 CST" duration-ms="2167" status="PASS">
          <reporter-output>
          </reporter-output>
        </test-method> <!-- setUp -->
        <test-method signature="TC_Smoke_01_WRG_PASSWORD()[pri:0, instance:tests.TS01_LoginTest@15b204a1]" started-at="2024-08-16T12:58:04 CST" name="TC_Smoke_01_WRG_PASSWORD" description="Login Incorrecto" finished-at="2024-08-16T12:58:05 CST" duration-ms="342" status="PASS">
          <reporter-output>
          </reporter-output>
        </test-method> <!-- TC_Smoke_01_WRG_PASSWORD -->
        <test-method is-config="true" signature="tearDown(org.testng.ITestResult)[pri:0, instance:tests.TS01_LoginTest@15b204a1]" started-at="2024-08-16T12:58:05 CST" name="tearDown" finished-at="2024-08-16T12:58:05 CST" duration-ms="96" status="PASS">
          <params>
            <param index="0">
              <value>
                <![CDATA[[TestResult name=TC_Smoke_01_WRG_PASSWORD status=SUCCESS method=TS01_LoginTest.TC_Smoke_01_WRG_PASSWORD()[pri:0, instance:tests.TS01_LoginTest@15b204a1] output={null}]]]>
              </value>
            </param>
          </params>
          <reporter-output>
          </reporter-output>
        </test-method> <!-- tearDown -->
        <test-method is-config="true" signature="setUp()[pri:0, instance:tests.TS01_LoginTest@15b204a1]" started-at="2024-08-16T12:58:05 CST" name="setUp" finished-at="2024-08-16T12:58:06 CST" duration-ms="1566" status="PASS">
          <reporter-output>
          </reporter-output>
        </test-method> <!-- setUp -->
        <test-method signature="TC_Smoke_02_RIGHT_PASSWORD()[pri:0, instance:tests.TS01_LoginTest@15b204a1]" started-at="2024-08-16T12:58:06 CST" name="TC_Smoke_02_RIGHT_PASSWORD" description="Login Correcto" finished-at="2024-08-16T12:58:13 CST" duration-ms="6763" status="PASS">
          <reporter-output>
          </reporter-output>
        </test-method> <!-- TC_Smoke_02_RIGHT_PASSWORD -->
        <test-method is-config="true" signature="tearDown(org.testng.ITestResult)[pri:0, instance:tests.TS01_LoginTest@15b204a1]" started-at="2024-08-16T12:58:13 CST" name="tearDown" finished-at="2024-08-16T12:58:13 CST" duration-ms="83" status="PASS">
          <params>
            <param index="0">
              <value>
                <![CDATA[[TestResult name=TC_Smoke_02_RIGHT_PASSWORD status=SUCCESS method=TS01_LoginTest.TC_Smoke_02_RIGHT_PASSWORD()[pri:0, instance:tests.TS01_LoginTest@15b204a1] output={null}]]]>
              </value>
            </param>
          </params>
          <reporter-output>
          </reporter-output>
        </test-method> <!-- tearDown -->
      </class> <!-- tests.TS01_LoginTest -->
      <class name="tests.TS02_PageElementsTest">
        <test-method is-config="true" signature="setUp()[pri:0, instance:tests.TS02_PageElementsTest@7c0c77c7]" started-at="2024-08-16T12:58:13 CST" name="setUp" finished-at="2024-08-16T12:58:14 CST" duration-ms="1435" status="PASS">
          <reporter-output>
          </reporter-output>
        </test-method> <!-- setUp -->
        <test-method signature="TC_Smoke_03_Dropdown_Validation()[pri:0, instance:tests.TS02_PageElementsTest@7c0c77c7]" started-at="2024-08-16T12:58:14 CST" name="TC_Smoke_03_Dropdown_Validation" description="Validacion de la lista dropdown de ordenamiento" finished-at="2024-08-16T12:58:15 CST" duration-ms="759" status="PASS">
          <reporter-output>
          </reporter-output>
        </test-method> <!-- TC_Smoke_03_Dropdown_Validation -->
        <test-method is-config="true" signature="tearDown(org.testng.ITestResult)[pri:0, instance:tests.TS02_PageElementsTest@7c0c77c7]" started-at="2024-08-16T12:58:15 CST" name="tearDown" finished-at="2024-08-16T12:58:15 CST" duration-ms="87" status="PASS">
          <params>
            <param index="0">
              <value>
                <![CDATA[[TestResult name=TC_Smoke_03_Dropdown_Validation status=SUCCESS method=TS02_PageElementsTest.TC_Smoke_03_Dropdown_Validation()[pri:0, instance:tests.TS02_PageElementsTest@7c0c77c7] output={null}]]]>
              </value>
            </param>
          </params>
          <reporter-output>
          </reporter-output>
        </test-method> <!-- tearDown -->
        <test-method is-config="true" signature="setUp()[pri:0, instance:tests.TS02_PageElementsTest@7c0c77c7]" started-at="2024-08-16T12:58:15 CST" name="setUp" finished-at="2024-08-16T12:58:17 CST" duration-ms="1431" status="PASS">
          <reporter-output>
          </reporter-output>
        </test-method> <!-- setUp -->
        <test-method signature="TC_Smoke_04_Get_InputElements()[pri:0, instance:tests.TS02_PageElementsTest@7c0c77c7]" started-at="2024-08-16T12:58:17 CST" name="TC_Smoke_04_Get_InputElements" description="Obtener todos los elementos input de la pagina web" finished-at="2024-08-16T12:58:17 CST" duration-ms="16" status="PASS">
          <reporter-output>
          </reporter-output>
        </test-method> <!-- TC_Smoke_04_Get_InputElements -->
        <test-method is-config="true" signature="tearDown(org.testng.ITestResult)[pri:0, instance:tests.TS02_PageElementsTest@7c0c77c7]" started-at="2024-08-16T12:58:17 CST" name="tearDown" finished-at="2024-08-16T12:58:17 CST" duration-ms="62" status="PASS">
          <params>
            <param index="0">
              <value>
                <![CDATA[[TestResult name=TC_Smoke_04_Get_InputElements status=SUCCESS method=TS02_PageElementsTest.TC_Smoke_04_Get_InputElements()[pri:0, instance:tests.TS02_PageElementsTest@7c0c77c7] output={null}]]]>
              </value>
            </param>
          </params>
          <reporter-output>
          </reporter-output>
        </test-method> <!-- tearDown -->
        <test-method is-config="true" signature="setUp()[pri:0, instance:tests.TS02_PageElementsTest@7c0c77c7]" started-at="2024-08-16T12:58:17 CST" name="setUp" finished-at="2024-08-16T12:58:18 CST" duration-ms="1485" status="PASS">
          <reporter-output>
          </reporter-output>
        </test-method> <!-- setUp -->
        <test-method signature="TC_Smoke_05_Get_loginByElements()[pri:0, instance:tests.TS02_PageElementsTest@7c0c77c7]" started-at="2024-08-16T12:58:18 CST" name="TC_Smoke_05_Get_loginByElements" description="Login correcto a através del array elements de la pagina web" finished-at="2024-08-16T12:58:19 CST" duration-ms="369" status="PASS">
          <reporter-output>
          </reporter-output>
        </test-method> <!-- TC_Smoke_05_Get_loginByElements -->
        <test-method is-config="true" signature="tearDown(org.testng.ITestResult)[pri:0, instance:tests.TS02_PageElementsTest@7c0c77c7]" started-at="2024-08-16T12:58:19 CST" name="tearDown" finished-at="2024-08-16T12:58:19 CST" duration-ms="74" status="PASS">
          <params>
            <param index="0">
              <value>
                <![CDATA[[TestResult name=TC_Smoke_05_Get_loginByElements status=SUCCESS method=TS02_PageElementsTest.TC_Smoke_05_Get_loginByElements()[pri:0, instance:tests.TS02_PageElementsTest@7c0c77c7] output={null}]]]>
              </value>
            </param>
          </params>
          <reporter-output>
          </reporter-output>
        </test-method> <!-- tearDown -->
        <test-method is-config="true" signature="setUp()[pri:0, instance:tests.TS02_PageElementsTest@7c0c77c7]" started-at="2024-08-16T12:58:19 CST" name="setUp" finished-at="2024-08-16T12:58:20 CST" duration-ms="1520" status="PASS">
          <reporter-output>
          </reporter-output>
        </test-method> <!-- setUp -->
        <test-method signature="TC_Smoke_06_Verify_ExistElements()[pri:0, instance:tests.TS02_PageElementsTest@7c0c77c7]" started-at="2024-08-16T12:58:20 CST" name="TC_Smoke_06_Verify_ExistElements" description="Validacion de elementos en un pagina web" finished-at="2024-08-16T12:58:28 CST" duration-ms="8176" status="FAIL">
          <exception class="java.lang.AssertionError">
            <message>
              <![CDATA[No existe el elemento By.className: noExist
 expected [true] but found [false]]]>
            </message>
            <full-stacktrace>
              <![CDATA[java.lang.AssertionError: No existe el elemento By.className: noExist
 expected [true] but found [false]
at org.testng.Assert.fail(Assert.java:111)
at org.testng.Assert.failNotEquals(Assert.java:1578)
at org.testng.Assert.assertTrue(Assert.java:57)
at tests.TS02_PageElementsTest.TC_Smoke_06_Verify_ExistElements(TS02_PageElementsTest.java:35)
at java.base/jdk.internal.reflect.DirectMethodHandleAccessor.invoke(DirectMethodHandleAccessor.java:103)
at java.base/java.lang.reflect.Method.invoke(Method.java:580)
at org.testng.internal.invokers.MethodInvocationHelper.invokeMethod(MethodInvocationHelper.java:141)
at org.testng.internal.invokers.TestInvoker.invokeMethod(TestInvoker.java:686)
at org.testng.internal.invokers.TestInvoker.invokeTestMethod(TestInvoker.java:230)
at org.testng.internal.invokers.MethodRunner.runInSequence(MethodRunner.java:63)
at org.testng.internal.invokers.TestInvoker$MethodInvocationAgent.invoke(TestInvoker.java:992)
at org.testng.internal.invokers.TestInvoker.invokeTestMethods(TestInvoker.java:203)
at org.testng.internal.invokers.TestMethodWorker.invokeTestMethods(TestMethodWorker.java:154)
at org.testng.internal.invokers.TestMethodWorker.run(TestMethodWorker.java:134)
at java.base/java.util.ArrayList.forEach(ArrayList.java:1597)
at org.testng.TestRunner.privateRun(TestRunner.java:739)
at org.testng.TestRunner.run(TestRunner.java:614)
at org.testng.SuiteRunner.runTest(SuiteRunner.java:421)
at org.testng.SuiteRunner.runSequentially(SuiteRunner.java:413)
at org.testng.SuiteRunner.privateRun(SuiteRunner.java:373)
at org.testng.SuiteRunner.run(SuiteRunner.java:312)
at org.testng.SuiteRunnerWorker.runSuite(SuiteRunnerWorker.java:52)
at org.testng.SuiteRunnerWorker.run(SuiteRunnerWorker.java:95)
at org.testng.TestNG.runSuitesSequentially(TestNG.java:1274)
at org.testng.TestNG.runSuitesLocally(TestNG.java:1208)
at org.testng.TestNG.runSuites(TestNG.java:1112)
at org.testng.TestNG.run(TestNG.java:1079)
at org.apache.maven.surefire.testng.TestNGExecutor.run(TestNGExecutor.java:155)
at org.apache.maven.surefire.testng.TestNGDirectoryTestSuite.executeMulti(TestNGDirectoryTestSuite.java:169)
at org.apache.maven.surefire.testng.TestNGDirectoryTestSuite.execute(TestNGDirectoryTestSuite.java:88)
at org.apache.maven.surefire.testng.TestNGProvider.invoke(TestNGProvider.java:137)
at org.apache.maven.surefire.booter.ForkedBooter.runSuitesInProcess(ForkedBooter.java:385)
at org.apache.maven.surefire.booter.ForkedBooter.execute(ForkedBooter.java:162)
at org.apache.maven.surefire.booter.ForkedBooter.run(ForkedBooter.java:507)
at org.apache.maven.surefire.booter.ForkedBooter.main(ForkedBooter.java:495)
]]>
            </full-stacktrace>
          </exception> <!-- java.lang.AssertionError -->
          <reporter-output>
          </reporter-output>
        </test-method> <!-- TC_Smoke_06_Verify_ExistElements -->
        <test-method is-config="true" signature="tearDown(org.testng.ITestResult)[pri:0, instance:tests.TS02_PageElementsTest@7c0c77c7]" started-at="2024-08-16T12:58:28 CST" name="tearDown" finished-at="2024-08-16T12:58:29 CST" duration-ms="144" status="PASS">
          <params>
            <param index="0">
              <value>
                <![CDATA[[TestResult name=TC_Smoke_06_Verify_ExistElements status=FAILURE method=TS02_PageElementsTest.TC_Smoke_06_Verify_ExistElements()[pri:0, instance:tests.TS02_PageElementsTest@7c0c77c7] output={null}]]]>
              </value>
            </param>
          </params>
          <reporter-output>
          </reporter-output>
        </test-method> <!-- tearDown -->
        <test-method is-config="true" signature="setUp()[pri:0, instance:tests.TS02_PageElementsTest@7c0c77c7]" started-at="2024-08-16T12:58:29 CST" name="setUp" finished-at="2024-08-16T12:58:30 CST" duration-ms="1500" status="PASS">
          <reporter-output>
          </reporter-output>
        </test-method> <!-- setUp -->
        <test-method signature="TC_Smoke_06_Verify_WebTitle()[pri:0, instance:tests.TS02_PageElementsTest@7c0c77c7]" started-at="2024-08-16T12:58:30 CST" name="TC_Smoke_06_Verify_WebTitle" description="Validacion del título de la pagina web" finished-at="2024-08-16T12:58:30 CST" duration-ms="37" status="PASS">
          <reporter-output>
          </reporter-output>
        </test-method> <!-- TC_Smoke_06_Verify_WebTitle -->
        <test-method is-config="true" signature="tearDown(org.testng.ITestResult)[pri:0, instance:tests.TS02_PageElementsTest@7c0c77c7]" started-at="2024-08-16T12:58:30 CST" name="tearDown" finished-at="2024-08-16T12:58:30 CST" duration-ms="66" status="PASS">
          <params>
            <param index="0">
              <value>
                <![CDATA[[TestResult name=TC_Smoke_06_Verify_WebTitle status=SUCCESS method=TS02_PageElementsTest.TC_Smoke_06_Verify_WebTitle()[pri:0, instance:tests.TS02_PageElementsTest@7c0c77c7] output={null}]]]>
              </value>
            </param>
          </params>
          <reporter-output>
          </reporter-output>
        </test-method> <!-- tearDown -->
      </class> <!-- tests.TS02_PageElementsTest -->
    </test> <!-- Surefire test -->
  </suite> <!-- Surefire suite -->
</testng-results>
